<?xml version="1.0" encoding="UTF-8"?>
<testng-results skipped="0" failed="0" ignored="0" total="0" passed="0">
  <reporter-output>
  </reporter-output>
  <suite name="com.webservice.AppTest" duration-ms="25" started-at="2017-06-18T11:42:20Z" finished-at="2017-06-18T11:42:20Z">
    <groups>
    </groups>
    <test name="Command line test" duration-ms="25" started-at="2017-06-18T11:42:20Z" finished-at="2017-06-18T11:42:20Z">
    </test> <!-- Command line test -->
  </suite> <!-- com.webservice.AppTest -->
</testng-results>
